mode: atomic
github.com/viettrung2103/bookmark-management-lesson/internal/api/api.go:40.35,50.2 3 0
github.com/viettrung2103/bookmark-management-lesson/internal/api/api.go:60.87,71.2 3 0
github.com/viettrung2103/bookmark-management-lesson/internal/api/api.go:74.32,76.2 1 0
github.com/viettrung2103/bookmark-management-lesson/internal/api/api.go:79.70,81.2 1 0
github.com/viettrung2103/bookmark-management-lesson/internal/api/api.go:89.43,108.2 9 0
github.com/viettrung2103/bookmark-management-lesson/internal/api/api.go:111.31,142.2 6 0
github.com/viettrung2103/bookmark-management-lesson/internal/api/api.go:142.2,148.3 3 0
github.com/viettrung2103/bookmark-management-lesson/internal/api/api.go:40.35,50.2 3 0
github.com/viettrung2103/bookmark-management-lesson/internal/api/api.go:60.87,71.2 3 0
github.com/viettrung2103/bookmark-management-lesson/internal/api/api.go:74.32,76.2 1 0
github.com/viettrung2103/bookmark-management-lesson/internal/api/api.go:79.70,81.2 1 0
github.com/viettrung2103/bookmark-management-lesson/internal/api/api.go:89.43,108.2 9 0
github.com/viettrung2103/bookmark-management-lesson/internal/api/api.go:111.31,142.2 6 0
github.com/viettrung2103/bookmark-management-lesson/internal/api/api.go:142.2,148.3 3 0
github.com/viettrung2103/bookmark-management-lesson/internal/app/handler/healthcheck.go:19.69,23.2 1 0
github.com/viettrung2103/bookmark-management-lesson/internal/app/handler/healthcheck.go:31.58,33.16 2 0
github.com/viettrung2103/bookmark-management-lesson/internal/app/handler/healthcheck.go:33.16,42.3 3 0
github.com/viettrung2103/bookmark-management-lesson/internal/app/handler/healthcheck.go:43.2,47.5 1 0
github.com/viettrung2103/bookmark-management-lesson/internal/app/handler/shortenurl.go:21.72,25.2 1 2
github.com/viettrung2103/bookmark-management-lesson/internal/app/handler/shortenurl.go:44.56,46.50 2 0
github.com/viettrung2103/bookmark-management-lesson/internal/app/handler/shortenurl.go:46.50,49.3 2 0
github.com/viettrung2103/bookmark-management-lesson/internal/app/handler/shortenurl.go:51.2,52.16 2 0
github.com/viettrung2103/bookmark-management-lesson/internal/app/handler/shortenurl.go:52.16,55.3 2 0
github.com/viettrung2103/bookmark-management-lesson/internal/app/handler/shortenurl.go:56.2,56.66 1 0
github.com/viettrung2103/bookmark-management-lesson/internal/app/handler/shortenurl.go:66.54,68.16 2 2
github.com/viettrung2103/bookmark-management-lesson/internal/app/handler/shortenurl.go:68.16,70.3 1 0
github.com/viettrung2103/bookmark-management-lesson/internal/app/handler/shortenurl.go:73.2,74.16 2 2
github.com/viettrung2103/bookmark-management-lesson/internal/app/handler/shortenurl.go:74.16,75.42 1 0
github.com/viettrung2103/bookmark-management-lesson/internal/app/handler/shortenurl.go:75.42,78.4 2 0
github.com/viettrung2103/bookmark-management-lesson/internal/app/handler/shortenurl.go:79.3,81.9 3 0
github.com/viettrung2103/bookmark-management-lesson/internal/app/handler/shortenurl.go:85.2,85.35 1 2
github.com/viettrung2103/bookmark-management-lesson/internal/app/handler/user/handler.go:16.47,18.2 1 0
github.com/viettrung2103/bookmark-management-lesson/internal/app/handler/user/register.go:26.48,28.48 2 0
github.com/viettrung2103/bookmark-management-lesson/internal/app/handler/user/register.go:28.48,32.3 2 0
github.com/viettrung2103/bookmark-management-lesson/internal/app/handler/user/register.go:34.2,35.16 2 0
github.com/viettrung2103/bookmark-management-lesson/internal/app/handler/user/register.go:35.16,37.80 1 0
github.com/viettrung2103/bookmark-management-lesson/internal/app/handler/user/register.go:37.80,40.4 2 0
github.com/viettrung2103/bookmark-management-lesson/internal/app/handler/user/register.go:41.3,41.77 1 0
github.com/viettrung2103/bookmark-management-lesson/internal/app/handler/user/register.go:41.77,44.4 2 0
github.com/viettrung2103/bookmark-management-lesson/internal/app/handler/user/register.go:45.3,46.9 2 0
github.com/viettrung2103/bookmark-management-lesson/internal/app/handler/user/register.go:48.2,51.4 1 0
github.com/viettrung2103/bookmark-management-lesson/internal/app/model/user.go:16.54,17.16 1 0
github.com/viettrung2103/bookmark-management-lesson/internal/app/model/user.go:17.16,19.3 1 0
github.com/viettrung2103/bookmark-management-lesson/internal/app/model/user.go:20.2,20.8 1 0
github.com/viettrung2103/bookmark-management-lesson/internal/app/repository/healthcheck_repo.go:20.50,24.2 1 0
github.com/viettrung2103/bookmark-management-lesson/internal/app/repository/healthcheck_repo.go:27.66,30.2 1 0
github.com/viettrung2103/bookmark-management-lesson/internal/app/repository/urlstorage.go:27.48,29.2 1 0
github.com/viettrung2103/bookmark-management-lesson/internal/app/repository/urlstorage.go:32.95,34.16 2 0
github.com/viettrung2103/bookmark-management-lesson/internal/app/repository/urlstorage.go:34.16,36.3 1 0
github.com/viettrung2103/bookmark-management-lesson/internal/app/repository/urlstorage.go:37.2,37.12 1 0
github.com/viettrung2103/bookmark-management-lesson/internal/app/repository/urlstorage.go:41.79,48.2 1 0
github.com/viettrung2103/bookmark-management-lesson/internal/app/repository/user/create.go:9.76,11.2 1 0
github.com/viettrung2103/bookmark-management-lesson/internal/app/repository/user/repo.go:20.44,22.2 1 0
github.com/viettrung2103/bookmark-management-lesson/internal/app/service/healthcheck_service.go:21.62,23.2 1 0
github.com/viettrung2103/bookmark-management-lesson/internal/app/service/healthcheck_service.go:26.69,28.2 1 0
github.com/viettrung2103/bookmark-management-lesson/internal/app/service/pass_service.go:24.27,26.2 1 0
github.com/viettrung2103/bookmark-management-lesson/internal/app/service/pass_service.go:29.52,33.2 1 0
github.com/viettrung2103/bookmark-management-lesson/internal/app/service/urlStorage_service.go:28.86,33.2 1 0
github.com/viettrung2103/bookmark-management-lesson/internal/app/service/urlStorage_service.go:40.100,46.46 3 0
github.com/viettrung2103/bookmark-management-lesson/internal/app/service/urlStorage_service.go:46.46,48.3 1 0
github.com/viettrung2103/bookmark-management-lesson/internal/app/service/urlStorage_service.go:50.2,50.15 1 0
github.com/viettrung2103/bookmark-management-lesson/internal/app/service/urlStorage_service.go:50.15,52.3 1 0
github.com/viettrung2103/bookmark-management-lesson/internal/app/service/urlStorage_service.go:55.2,56.16 2 0
github.com/viettrung2103/bookmark-management-lesson/internal/app/service/urlStorage_service.go:56.16,58.3 1 0
github.com/viettrung2103/bookmark-management-lesson/internal/app/service/urlStorage_service.go:59.2,59.17 1 0
github.com/viettrung2103/bookmark-management-lesson/internal/app/service/urlStorage_service.go:64.98,66.31 2 0
github.com/viettrung2103/bookmark-management-lesson/internal/app/service/urlStorage_service.go:66.31,68.3 1 0
github.com/viettrung2103/bookmark-management-lesson/internal/app/service/urlStorage_service.go:70.2,70.17 1 0
github.com/viettrung2103/bookmark-management-lesson/internal/app/service/urlStorage_service.go:77.89,80.16 2 0
github.com/viettrung2103/bookmark-management-lesson/internal/app/service/urlStorage_service.go:80.16,81.32 1 0
github.com/viettrung2103/bookmark-management-lesson/internal/app/service/urlStorage_service.go:81.32,83.4 1 0
github.com/viettrung2103/bookmark-management-lesson/internal/app/service/urlStorage_service.go:86.2,86.17 1 0
github.com/viettrung2103/bookmark-management-lesson/internal/app/service/user/create.go:10.123,21.16 4 0
github.com/viettrung2103/bookmark-management-lesson/internal/app/service/user/create.go:21.16,23.3 1 0
github.com/viettrung2103/bookmark-management-lesson/internal/app/service/user/create.go:24.2,24.18 1 0
github.com/viettrung2103/bookmark-management-lesson/internal/app/service/user/service.go:18.47,20.2 1 0
github.com/viettrung2103/bookmark-management-lesson/pkg/common/error.go:3.29,4.16 1 0
github.com/viettrung2103/bookmark-management-lesson/pkg/common/error.go:4.16,5.13 1 0
github.com/viettrung2103/bookmark-management-lesson/pkg/jwtutils/generator.go:20.67,22.16 2 0
github.com/viettrung2103/bookmark-management-lesson/pkg/jwtutils/generator.go:22.16,24.3 1 0
github.com/viettrung2103/bookmark-management-lesson/pkg/jwtutils/generator.go:25.2,26.16 2 0
github.com/viettrung2103/bookmark-management-lesson/pkg/jwtutils/generator.go:26.16,28.3 1 0
github.com/viettrung2103/bookmark-management-lesson/pkg/jwtutils/generator.go:30.2,32.8 1 0
github.com/viettrung2103/bookmark-management-lesson/pkg/jwtutils/generator.go:35.75,39.16 3 0
github.com/viettrung2103/bookmark-management-lesson/pkg/jwtutils/generator.go:39.16,41.3 1 0
github.com/viettrung2103/bookmark-management-lesson/pkg/jwtutils/generator.go:42.2,42.25 1 0
github.com/viettrung2103/bookmark-management-lesson/pkg/jwtutils/validator.go:24.66,26.16 2 0
github.com/viettrung2103/bookmark-management-lesson/pkg/jwtutils/validator.go:26.16,28.3 1 0
github.com/viettrung2103/bookmark-management-lesson/pkg/jwtutils/validator.go:30.2,31.16 2 0
github.com/viettrung2103/bookmark-management-lesson/pkg/jwtutils/validator.go:31.16,33.3 1 0
github.com/viettrung2103/bookmark-management-lesson/pkg/jwtutils/validator.go:35.2,37.8 1 0
github.com/viettrung2103/bookmark-management-lesson/pkg/jwtutils/validator.go:41.73,42.72 1 0
github.com/viettrung2103/bookmark-management-lesson/pkg/jwtutils/validator.go:42.72,44.3 1 0
github.com/viettrung2103/bookmark-management-lesson/pkg/jwtutils/validator.go:46.2,46.32 1 0
github.com/viettrung2103/bookmark-management-lesson/pkg/jwtutils/validator.go:46.32,48.3 1 0
github.com/viettrung2103/bookmark-management-lesson/pkg/jwtutils/validator.go:50.2,50.52 1 0
github.com/viettrung2103/bookmark-management-lesson/pkg/jwtutils/validator.go:50.52,52.3 1 0
github.com/viettrung2103/bookmark-management-lesson/pkg/jwtutils/validator.go:54.2,54.29 1 0
github.com/viettrung2103/bookmark-management-lesson/pkg/logger/level.go:9.20,11.44 2 0
github.com/viettrung2103/bookmark-management-lesson/pkg/logger/level.go:11.44,13.3 1 0
github.com/viettrung2103/bookmark-management-lesson/pkg/logger/level.go:14.2,14.31 1 0
github.com/viettrung2103/bookmark-management-lesson/pkg/redis/client.go:5.57,7.16 2 0
github.com/viettrung2103/bookmark-management-lesson/pkg/redis/client.go:7.16,9.3 1 0
github.com/viettrung2103/bookmark-management-lesson/pkg/redis/client.go:11.2,17.25 2 0
github.com/viettrung2103/bookmark-management-lesson/pkg/redis/mock.go:11.48,16.2 2 0
github.com/viettrung2103/bookmark-management-lesson/pkg/sqldb/client.go:8.52,10.16 2 0
github.com/viettrung2103/bookmark-management-lesson/pkg/sqldb/client.go:10.16,12.3 1 0
github.com/viettrung2103/bookmark-management-lesson/pkg/sqldb/client.go:14.2,16.16 3 0
github.com/viettrung2103/bookmark-management-lesson/pkg/sqldb/client.go:16.16,18.3 1 0
github.com/viettrung2103/bookmark-management-lesson/pkg/sqldb/client.go:19.2,19.16 1 0
github.com/viettrung2103/bookmark-management-lesson/pkg/sqldb/mock.go:13.42,18.16 3 0
github.com/viettrung2103/bookmark-management-lesson/pkg/sqldb/mock.go:18.16,20.3 1 0
github.com/viettrung2103/bookmark-management-lesson/pkg/sqldb/mock.go:21.2,21.11 1 0
github.com/viettrung2103/bookmark-management-lesson/pkg/utils/code.go:22.37,26.2 1 0
github.com/viettrung2103/bookmark-management-lesson/pkg/utils/code.go:28.64,31.2 1 0
github.com/viettrung2103/bookmark-management-lesson/pkg/utils/code.go:33.46,38.2 2 0
github.com/viettrung2103/bookmark-management-lesson/pkg/utils/code.go:40.54,43.30 2 0
github.com/viettrung2103/bookmark-management-lesson/pkg/utils/code.go:43.30,46.3 1 0
github.com/viettrung2103/bookmark-management-lesson/pkg/utils/code.go:48.2,48.28 1 0
github.com/viettrung2103/bookmark-management-lesson/pkg/utils/hash.go:5.36,9.2 2 0
github.com/viettrung2103/bookmark-management-lesson/pkg/utils/hash.go:11.61,14.2 2 0
github.com/viettrung2103/bookmark-management-lesson/internal/app/handler/user/handler.go:16.47,18.2 1 0
github.com/viettrung2103/bookmark-management-lesson/internal/app/handler/user/register.go:26.48,28.48 2 0
github.com/viettrung2103/bookmark-management-lesson/internal/app/handler/user/register.go:28.48,32.3 2 0
github.com/viettrung2103/bookmark-management-lesson/internal/app/handler/user/register.go:34.2,35.16 2 0
github.com/viettrung2103/bookmark-management-lesson/internal/app/handler/user/register.go:35.16,37.80 1 0
github.com/viettrung2103/bookmark-management-lesson/internal/app/handler/user/register.go:37.80,40.4 2 0
github.com/viettrung2103/bookmark-management-lesson/internal/app/handler/user/register.go:41.3,41.77 1 0
github.com/viettrung2103/bookmark-management-lesson/internal/app/handler/user/register.go:41.77,44.4 2 0
github.com/viettrung2103/bookmark-management-lesson/internal/app/handler/user/register.go:45.3,46.9 2 0
github.com/viettrung2103/bookmark-management-lesson/internal/app/handler/user/register.go:48.2,51.4 1 0
github.com/viettrung2103/bookmark-management-lesson/internal/app/model/user.go:16.54,17.16 1 0
github.com/viettrung2103/bookmark-management-lesson/internal/app/model/user.go:17.16,19.3 1 0
github.com/viettrung2103/bookmark-management-lesson/internal/app/model/user.go:20.2,20.8 1 0
github.com/viettrung2103/bookmark-management-lesson/internal/api/api.go:40.35,50.2 3 0
github.com/viettrung2103/bookmark-management-lesson/internal/api/api.go:60.87,71.2 3 0
github.com/viettrung2103/bookmark-management-lesson/internal/api/api.go:74.32,76.2 1 0
github.com/viettrung2103/bookmark-management-lesson/internal/api/api.go:79.70,81.2 1 0
github.com/viettrung2103/bookmark-management-lesson/internal/api/api.go:89.43,108.2 9 0
github.com/viettrung2103/bookmark-management-lesson/internal/api/api.go:111.31,142.2 6 0
github.com/viettrung2103/bookmark-management-lesson/internal/api/api.go:142.2,148.3 3 0
github.com/viettrung2103/bookmark-management-lesson/internal/app/handler/healthcheck.go:19.69,23.2 1 0
github.com/viettrung2103/bookmark-management-lesson/internal/app/handler/healthcheck.go:31.58,33.16 2 0
github.com/viettrung2103/bookmark-management-lesson/internal/app/handler/healthcheck.go:33.16,42.3 3 0
github.com/viettrung2103/bookmark-management-lesson/internal/app/handler/healthcheck.go:43.2,47.5 1 0
github.com/viettrung2103/bookmark-management-lesson/internal/app/handler/shortenurl.go:21.72,25.2 1 0
github.com/viettrung2103/bookmark-management-lesson/internal/app/handler/shortenurl.go:44.56,46.50 2 0
github.com/viettrung2103/bookmark-management-lesson/internal/app/handler/shortenurl.go:46.50,49.3 2 0
github.com/viettrung2103/bookmark-management-lesson/internal/app/handler/shortenurl.go:51.2,52.16 2 0
github.com/viettrung2103/bookmark-management-lesson/internal/app/handler/shortenurl.go:52.16,55.3 2 0
github.com/viettrung2103/bookmark-management-lesson/internal/app/handler/shortenurl.go:56.2,56.66 1 0
github.com/viettrung2103/bookmark-management-lesson/internal/app/handler/shortenurl.go:66.54,68.16 2 0
github.com/viettrung2103/bookmark-management-lesson/internal/app/handler/shortenurl.go:68.16,70.3 1 0
github.com/viettrung2103/bookmark-management-lesson/internal/app/handler/shortenurl.go:73.2,74.16 2 0
github.com/viettrung2103/bookmark-management-lesson/internal/app/handler/shortenurl.go:74.16,75.42 1 0
github.com/viettrung2103/bookmark-management-lesson/internal/app/handler/shortenurl.go:75.42,78.4 2 0
github.com/viettrung2103/bookmark-management-lesson/internal/app/handler/shortenurl.go:79.3,81.9 3 0
github.com/viettrung2103/bookmark-management-lesson/internal/app/handler/shortenurl.go:85.2,85.35 1 0
github.com/viettrung2103/bookmark-management-lesson/internal/app/handler/user/handler.go:16.47,18.2 1 0
github.com/viettrung2103/bookmark-management-lesson/internal/app/handler/user/register.go:26.48,28.48 2 0
github.com/viettrung2103/bookmark-management-lesson/internal/app/handler/user/register.go:28.48,32.3 2 0
github.com/viettrung2103/bookmark-management-lesson/internal/app/handler/user/register.go:34.2,35.16 2 0
github.com/viettrung2103/bookmark-management-lesson/internal/app/handler/user/register.go:35.16,37.80 1 0
github.com/viettrung2103/bookmark-management-lesson/internal/app/handler/user/register.go:37.80,40.4 2 0
github.com/viettrung2103/bookmark-management-lesson/internal/app/handler/user/register.go:41.3,41.77 1 0
github.com/viettrung2103/bookmark-management-lesson/internal/app/handler/user/register.go:41.77,44.4 2 0
github.com/viettrung2103/bookmark-management-lesson/internal/app/handler/user/register.go:45.3,46.9 2 0
github.com/viettrung2103/bookmark-management-lesson/internal/app/handler/user/register.go:48.2,51.4 1 0
github.com/viettrung2103/bookmark-management-lesson/internal/app/model/user.go:16.54,17.16 1 0
github.com/viettrung2103/bookmark-management-lesson/internal/app/model/user.go:17.16,19.3 1 0
github.com/viettrung2103/bookmark-management-lesson/internal/app/model/user.go:20.2,20.8 1 0
github.com/viettrung2103/bookmark-management-lesson/internal/app/repository/healthcheck_repo.go:20.50,24.2 1 0
github.com/viettrung2103/bookmark-management-lesson/internal/app/repository/healthcheck_repo.go:27.66,30.2 1 0
github.com/viettrung2103/bookmark-management-lesson/internal/app/repository/urlstorage.go:27.48,29.2 1 1
github.com/viettrung2103/bookmark-management-lesson/internal/app/repository/urlstorage.go:32.95,34.16 2 1
github.com/viettrung2103/bookmark-management-lesson/internal/app/repository/urlstorage.go:34.16,36.3 1 0
github.com/viettrung2103/bookmark-management-lesson/internal/app/repository/urlstorage.go:37.2,37.12 1 1
github.com/viettrung2103/bookmark-management-lesson/internal/app/repository/urlstorage.go:41.79,48.2 1 0
github.com/viettrung2103/bookmark-management-lesson/internal/app/repository/user/create.go:9.76,11.2 1 0
github.com/viettrung2103/bookmark-management-lesson/internal/app/repository/user/repo.go:20.44,22.2 1 0
github.com/viettrung2103/bookmark-management-lesson/internal/app/service/healthcheck_service.go:21.62,23.2 1 0
github.com/viettrung2103/bookmark-management-lesson/internal/app/service/healthcheck_service.go:26.69,28.2 1 0
github.com/viettrung2103/bookmark-management-lesson/internal/app/service/pass_service.go:24.27,26.2 1 0
github.com/viettrung2103/bookmark-management-lesson/internal/app/service/pass_service.go:29.52,33.2 1 0
github.com/viettrung2103/bookmark-management-lesson/internal/app/service/urlStorage_service.go:28.86,33.2 1 0
github.com/viettrung2103/bookmark-management-lesson/internal/app/service/urlStorage_service.go:40.100,46.46 3 0
github.com/viettrung2103/bookmark-management-lesson/internal/app/service/urlStorage_service.go:46.46,48.3 1 0
github.com/viettrung2103/bookmark-management-lesson/internal/app/service/urlStorage_service.go:50.2,50.15 1 0
github.com/viettrung2103/bookmark-management-lesson/internal/app/service/urlStorage_service.go:50.15,52.3 1 0
github.com/viettrung2103/bookmark-management-lesson/internal/app/service/urlStorage_service.go:55.2,56.16 2 0
github.com/viettrung2103/bookmark-management-lesson/internal/app/service/urlStorage_service.go:56.16,58.3 1 0
github.com/viettrung2103/bookmark-management-lesson/internal/app/service/urlStorage_service.go:59.2,59.17 1 0
github.com/viettrung2103/bookmark-management-lesson/internal/app/service/urlStorage_service.go:64.98,66.31 2 0
github.com/viettrung2103/bookmark-management-lesson/internal/app/service/urlStorage_service.go:66.31,68.3 1 0
github.com/viettrung2103/bookmark-management-lesson/internal/app/service/urlStorage_service.go:70.2,70.17 1 0
github.com/viettrung2103/bookmark-management-lesson/internal/app/service/urlStorage_service.go:77.89,80.16 2 0
github.com/viettrung2103/bookmark-management-lesson/internal/app/service/urlStorage_service.go:80.16,81.32 1 0
github.com/viettrung2103/bookmark-management-lesson/internal/app/service/urlStorage_service.go:81.32,83.4 1 0
github.com/viettrung2103/bookmark-management-lesson/internal/app/service/urlStorage_service.go:86.2,86.17 1 0
github.com/viettrung2103/bookmark-management-lesson/internal/app/service/user/create.go:10.123,21.16 4 0
github.com/viettrung2103/bookmark-management-lesson/internal/app/service/user/create.go:21.16,23.3 1 0
github.com/viettrung2103/bookmark-management-lesson/internal/app/service/user/create.go:24.2,24.18 1 0
github.com/viettrung2103/bookmark-management-lesson/internal/app/service/user/service.go:18.47,20.2 1 0
github.com/viettrung2103/bookmark-management-lesson/pkg/common/error.go:3.29,4.16 1 0
github.com/viettrung2103/bookmark-management-lesson/pkg/common/error.go:4.16,5.13 1 0
github.com/viettrung2103/bookmark-management-lesson/pkg/jwtutils/generator.go:20.67,22.16 2 0
github.com/viettrung2103/bookmark-management-lesson/pkg/jwtutils/generator.go:22.16,24.3 1 0
github.com/viettrung2103/bookmark-management-lesson/pkg/jwtutils/generator.go:25.2,26.16 2 0
github.com/viettrung2103/bookmark-management-lesson/pkg/jwtutils/generator.go:26.16,28.3 1 0
github.com/viettrung2103/bookmark-management-lesson/pkg/jwtutils/generator.go:30.2,32.8 1 0
github.com/viettrung2103/bookmark-management-lesson/pkg/jwtutils/generator.go:35.75,39.16 3 0
github.com/viettrung2103/bookmark-management-lesson/pkg/jwtutils/generator.go:39.16,41.3 1 0
github.com/viettrung2103/bookmark-management-lesson/pkg/jwtutils/generator.go:42.2,42.25 1 0
github.com/viettrung2103/bookmark-management-lesson/pkg/jwtutils/validator.go:24.66,26.16 2 0
github.com/viettrung2103/bookmark-management-lesson/pkg/jwtutils/validator.go:26.16,28.3 1 0
github.com/viettrung2103/bookmark-management-lesson/pkg/jwtutils/validator.go:30.2,31.16 2 0
github.com/viettrung2103/bookmark-management-lesson/pkg/jwtutils/validator.go:31.16,33.3 1 0
github.com/viettrung2103/bookmark-management-lesson/pkg/jwtutils/validator.go:35.2,37.8 1 0
github.com/viettrung2103/bookmark-management-lesson/pkg/jwtutils/validator.go:41.73,42.72 1 0
github.com/viettrung2103/bookmark-management-lesson/pkg/jwtutils/validator.go:42.72,44.3 1 0
github.com/viettrung2103/bookmark-management-lesson/pkg/jwtutils/validator.go:46.2,46.32 1 0
github.com/viettrung2103/bookmark-management-lesson/pkg/jwtutils/validator.go:46.32,48.3 1 0
github.com/viettrung2103/bookmark-management-lesson/pkg/jwtutils/validator.go:50.2,50.52 1 0
github.com/viettrung2103/bookmark-management-lesson/pkg/jwtutils/validator.go:50.52,52.3 1 0
github.com/viettrung2103/bookmark-management-lesson/pkg/jwtutils/validator.go:54.2,54.29 1 0
github.com/viettrung2103/bookmark-management-lesson/pkg/logger/level.go:9.20,11.44 2 0
github.com/viettrung2103/bookmark-management-lesson/pkg/logger/level.go:11.44,13.3 1 0
github.com/viettrung2103/bookmark-management-lesson/pkg/logger/level.go:14.2,14.31 1 0
github.com/viettrung2103/bookmark-management-lesson/pkg/redis/client.go:5.57,7.16 2 0
github.com/viettrung2103/bookmark-management-lesson/pkg/redis/client.go:7.16,9.3 1 0
github.com/viettrung2103/bookmark-management-lesson/pkg/redis/client.go:11.2,17.25 2 0
github.com/viettrung2103/bookmark-management-lesson/pkg/redis/mock.go:11.48,16.2 2 1
github.com/viettrung2103/bookmark-management-lesson/pkg/sqldb/client.go:8.52,10.16 2 0
github.com/viettrung2103/bookmark-management-lesson/pkg/sqldb/client.go:10.16,12.3 1 0
github.com/viettrung2103/bookmark-management-lesson/pkg/sqldb/client.go:14.2,16.16 3 0
github.com/viettrung2103/bookmark-management-lesson/pkg/sqldb/client.go:16.16,18.3 1 0
github.com/viettrung2103/bookmark-management-lesson/pkg/sqldb/client.go:19.2,19.16 1 0
github.com/viettrung2103/bookmark-management-lesson/pkg/sqldb/mock.go:13.42,18.16 3 0
github.com/viettrung2103/bookmark-management-lesson/pkg/sqldb/mock.go:18.16,20.3 1 0
github.com/viettrung2103/bookmark-management-lesson/pkg/sqldb/mock.go:21.2,21.11 1 0
github.com/viettrung2103/bookmark-management-lesson/pkg/utils/code.go:22.37,26.2 1 0
github.com/viettrung2103/bookmark-management-lesson/pkg/utils/code.go:28.64,31.2 1 0
github.com/viettrung2103/bookmark-management-lesson/pkg/utils/code.go:33.46,38.2 2 0
github.com/viettrung2103/bookmark-management-lesson/pkg/utils/code.go:40.54,43.30 2 0
github.com/viettrung2103/bookmark-management-lesson/pkg/utils/code.go:43.30,46.3 1 0
github.com/viettrung2103/bookmark-management-lesson/pkg/utils/code.go:48.2,48.28 1 0
github.com/viettrung2103/bookmark-management-lesson/pkg/utils/hash.go:5.36,9.2 2 0
github.com/viettrung2103/bookmark-management-lesson/pkg/utils/hash.go:11.61,14.2 2 0
github.com/viettrung2103/bookmark-management-lesson/internal/api/api.go:40.35,50.2 3 0
github.com/viettrung2103/bookmark-management-lesson/internal/api/api.go:60.87,71.2 3 0
github.com/viettrung2103/bookmark-management-lesson/internal/api/api.go:74.32,76.2 1 0
github.com/viettrung2103/bookmark-management-lesson/internal/api/api.go:79.70,81.2 1 0
github.com/viettrung2103/bookmark-management-lesson/internal/api/api.go:89.43,108.2 9 0
github.com/viettrung2103/bookmark-management-lesson/internal/api/api.go:111.31,142.2 6 0
github.com/viettrung2103/bookmark-management-lesson/internal/api/api.go:142.2,148.3 3 0
github.com/viettrung2103/bookmark-management-lesson/internal/app/handler/healthcheck.go:19.69,23.2 1 0
github.com/viettrung2103/bookmark-management-lesson/internal/app/handler/healthcheck.go:31.58,33.16 2 0
github.com/viettrung2103/bookmark-management-lesson/internal/app/handler/healthcheck.go:33.16,42.3 3 0
github.com/viettrung2103/bookmark-management-lesson/internal/app/handler/healthcheck.go:43.2,47.5 1 0
github.com/viettrung2103/bookmark-management-lesson/internal/app/handler/shortenurl.go:21.72,25.2 1 0
github.com/viettrung2103/bookmark-management-lesson/internal/app/handler/shortenurl.go:44.56,46.50 2 0
github.com/viettrung2103/bookmark-management-lesson/internal/app/handler/shortenurl.go:46.50,49.3 2 0
github.com/viettrung2103/bookmark-management-lesson/internal/app/handler/shortenurl.go:51.2,52.16 2 0
github.com/viettrung2103/bookmark-management-lesson/internal/app/handler/shortenurl.go:52.16,55.3 2 0
github.com/viettrung2103/bookmark-management-lesson/internal/app/handler/shortenurl.go:56.2,56.66 1 0
github.com/viettrung2103/bookmark-management-lesson/internal/app/handler/shortenurl.go:66.54,68.16 2 0
github.com/viettrung2103/bookmark-management-lesson/internal/app/handler/shortenurl.go:68.16,70.3 1 0
github.com/viettrung2103/bookmark-management-lesson/internal/app/handler/shortenurl.go:73.2,74.16 2 0
github.com/viettrung2103/bookmark-management-lesson/internal/app/handler/shortenurl.go:74.16,75.42 1 0
github.com/viettrung2103/bookmark-management-lesson/internal/app/handler/shortenurl.go:75.42,78.4 2 0
github.com/viettrung2103/bookmark-management-lesson/internal/app/handler/shortenurl.go:79.3,81.9 3 0
github.com/viettrung2103/bookmark-management-lesson/internal/app/handler/shortenurl.go:85.2,85.35 1 0
github.com/viettrung2103/bookmark-management-lesson/internal/app/handler/user/handler.go:16.47,18.2 1 0
github.com/viettrung2103/bookmark-management-lesson/internal/app/handler/user/register.go:26.48,28.48 2 0
github.com/viettrung2103/bookmark-management-lesson/internal/app/handler/user/register.go:28.48,32.3 2 0
github.com/viettrung2103/bookmark-management-lesson/internal/app/handler/user/register.go:34.2,35.16 2 0
github.com/viettrung2103/bookmark-management-lesson/internal/app/handler/user/register.go:35.16,37.80 1 0
github.com/viettrung2103/bookmark-management-lesson/internal/app/handler/user/register.go:37.80,40.4 2 0
github.com/viettrung2103/bookmark-management-lesson/internal/app/handler/user/register.go:41.3,41.77 1 0
github.com/viettrung2103/bookmark-management-lesson/internal/app/handler/user/register.go:41.77,44.4 2 0
github.com/viettrung2103/bookmark-management-lesson/internal/app/handler/user/register.go:45.3,46.9 2 0
github.com/viettrung2103/bookmark-management-lesson/internal/app/handler/user/register.go:48.2,51.4 1 0
github.com/viettrung2103/bookmark-management-lesson/internal/app/model/user.go:16.54,17.16 1 2
github.com/viettrung2103/bookmark-management-lesson/internal/app/model/user.go:17.16,19.3 1 0
github.com/viettrung2103/bookmark-management-lesson/internal/app/model/user.go:20.2,20.8 1 2
github.com/viettrung2103/bookmark-management-lesson/internal/app/repository/healthcheck_repo.go:20.50,24.2 1 0
github.com/viettrung2103/bookmark-management-lesson/internal/app/repository/healthcheck_repo.go:27.66,30.2 1 0
github.com/viettrung2103/bookmark-management-lesson/internal/app/repository/urlstorage.go:27.48,29.2 1 0
github.com/viettrung2103/bookmark-management-lesson/internal/app/repository/urlstorage.go:32.95,34.16 2 0
github.com/viettrung2103/bookmark-management-lesson/internal/app/repository/urlstorage.go:34.16,36.3 1 0
github.com/viettrung2103/bookmark-management-lesson/internal/app/repository/urlstorage.go:37.2,37.12 1 0
github.com/viettrung2103/bookmark-management-lesson/internal/app/repository/urlstorage.go:41.79,48.2 1 0
github.com/viettrung2103/bookmark-management-lesson/internal/app/repository/user/create.go:9.76,11.2 1 2
github.com/viettrung2103/bookmark-management-lesson/internal/app/repository/user/repo.go:20.44,22.2 1 2
github.com/viettrung2103/bookmark-management-lesson/internal/app/service/healthcheck_service.go:21.62,23.2 1 0
github.com/viettrung2103/bookmark-management-lesson/internal/app/service/healthcheck_service.go:26.69,28.2 1 0
github.com/viettrung2103/bookmark-management-lesson/internal/app/service/pass_service.go:24.27,26.2 1 0
github.com/viettrung2103/bookmark-management-lesson/internal/app/service/pass_service.go:29.52,33.2 1 0
github.com/viettrung2103/bookmark-management-lesson/internal/app/service/urlStorage_service.go:28.86,33.2 1 0
github.com/viettrung2103/bookmark-management-lesson/internal/app/service/urlStorage_service.go:40.100,46.46 3 0
github.com/viettrung2103/bookmark-management-lesson/internal/app/service/urlStorage_service.go:46.46,48.3 1 0
github.com/viettrung2103/bookmark-management-lesson/internal/app/service/urlStorage_service.go:50.2,50.15 1 0
github.com/viettrung2103/bookmark-management-lesson/internal/app/service/urlStorage_service.go:50.15,52.3 1 0
github.com/viettrung2103/bookmark-management-lesson/internal/app/service/urlStorage_service.go:55.2,56.16 2 0
github.com/viettrung2103/bookmark-management-lesson/internal/app/service/urlStorage_service.go:56.16,58.3 1 0
github.com/viettrung2103/bookmark-management-lesson/internal/app/service/urlStorage_service.go:59.2,59.17 1 0
github.com/viettrung2103/bookmark-management-lesson/internal/app/service/urlStorage_service.go:64.98,66.31 2 0
github.com/viettrung2103/bookmark-management-lesson/internal/app/service/urlStorage_service.go:66.31,68.3 1 0
github.com/viettrung2103/bookmark-management-lesson/internal/app/service/urlStorage_service.go:70.2,70.17 1 0
github.com/viettrung2103/bookmark-management-lesson/internal/app/service/urlStorage_service.go:77.89,80.16 2 0
github.com/viettrung2103/bookmark-management-lesson/internal/app/service/urlStorage_service.go:80.16,81.32 1 0
github.com/viettrung2103/bookmark-management-lesson/internal/app/service/urlStorage_service.go:81.32,83.4 1 0
github.com/viettrung2103/bookmark-management-lesson/internal/app/service/urlStorage_service.go:86.2,86.17 1 0
github.com/viettrung2103/bookmark-management-lesson/internal/app/service/user/create.go:10.123,21.16 4 0
github.com/viettrung2103/bookmark-management-lesson/internal/app/service/user/create.go:21.16,23.3 1 0
github.com/viettrung2103/bookmark-management-lesson/internal/app/service/user/create.go:24.2,24.18 1 0
github.com/viettrung2103/bookmark-management-lesson/internal/app/service/user/service.go:18.47,20.2 1 0
github.com/viettrung2103/bookmark-management-lesson/pkg/common/error.go:3.29,4.16 1 0
github.com/viettrung2103/bookmark-management-lesson/pkg/common/error.go:4.16,5.13 1 0
github.com/viettrung2103/bookmark-management-lesson/pkg/jwtutils/generator.go:20.67,22.16 2 0
github.com/viettrung2103/bookmark-management-lesson/pkg/jwtutils/generator.go:22.16,24.3 1 0
github.com/viettrung2103/bookmark-management-lesson/pkg/jwtutils/generator.go:25.2,26.16 2 0
github.com/viettrung2103/bookmark-management-lesson/pkg/jwtutils/generator.go:26.16,28.3 1 0
github.com/viettrung2103/bookmark-management-lesson/pkg/jwtutils/generator.go:30.2,32.8 1 0
github.com/viettrung2103/bookmark-management-lesson/pkg/jwtutils/generator.go:35.75,39.16 3 0
github.com/viettrung2103/bookmark-management-lesson/pkg/jwtutils/generator.go:39.16,41.3 1 0
github.com/viettrung2103/bookmark-management-lesson/pkg/jwtutils/generator.go:42.2,42.25 1 0
github.com/viettrung2103/bookmark-management-lesson/pkg/jwtutils/validator.go:24.66,26.16 2 0
github.com/viettrung2103/bookmark-management-lesson/pkg/jwtutils/validator.go:26.16,28.3 1 0
github.com/viettrung2103/bookmark-management-lesson/pkg/jwtutils/validator.go:30.2,31.16 2 0
github.com/viettrung2103/bookmark-management-lesson/pkg/jwtutils/validator.go:31.16,33.3 1 0
github.com/viettrung2103/bookmark-management-lesson/pkg/jwtutils/validator.go:35.2,37.8 1 0
github.com/viettrung2103/bookmark-management-lesson/pkg/jwtutils/validator.go:41.73,42.72 1 0
github.com/viettrung2103/bookmark-management-lesson/pkg/jwtutils/validator.go:42.72,44.3 1 0
github.com/viettrung2103/bookmark-management-lesson/pkg/jwtutils/validator.go:46.2,46.32 1 0
github.com/viettrung2103/bookmark-management-lesson/pkg/jwtutils/validator.go:46.32,48.3 1 0
github.com/viettrung2103/bookmark-management-lesson/pkg/jwtutils/validator.go:50.2,50.52 1 0
github.com/viettrung2103/bookmark-management-lesson/pkg/jwtutils/validator.go:50.52,52.3 1 0
github.com/viettrung2103/bookmark-management-lesson/pkg/jwtutils/validator.go:54.2,54.29 1 0
github.com/viettrung2103/bookmark-management-lesson/pkg/logger/level.go:9.20,11.44 2 0
github.com/viettrung2103/bookmark-management-lesson/pkg/logger/level.go:11.44,13.3 1 0
github.com/viettrung2103/bookmark-management-lesson/pkg/logger/level.go:14.2,14.31 1 0
github.com/viettrung2103/bookmark-management-lesson/pkg/redis/client.go:5.57,7.16 2 0
github.com/viettrung2103/bookmark-management-lesson/pkg/redis/client.go:7.16,9.3 1 0
github.com/viettrung2103/bookmark-management-lesson/pkg/redis/client.go:11.2,17.25 2 0
github.com/viettrung2103/bookmark-management-lesson/pkg/redis/mock.go:11.48,16.2 2 0
github.com/viettrung2103/bookmark-management-lesson/pkg/sqldb/client.go:8.52,10.16 2 0
github.com/viettrung2103/bookmark-management-lesson/pkg/sqldb/client.go:10.16,12.3 1 0
github.com/viettrung2103/bookmark-management-lesson/pkg/sqldb/client.go:14.2,16.16 3 0
github.com/viettrung2103/bookmark-management-lesson/pkg/sqldb/client.go:16.16,18.3 1 0
github.com/viettrung2103/bookmark-management-lesson/pkg/sqldb/client.go:19.2,19.16 1 0
github.com/viettrung2103/bookmark-management-lesson/pkg/sqldb/mock.go:13.42,18.16 3 2
github.com/viettrung2103/bookmark-management-lesson/pkg/sqldb/mock.go:18.16,20.3 1 0
github.com/viettrung2103/bookmark-management-lesson/pkg/sqldb/mock.go:21.2,21.11 1 2
github.com/viettrung2103/bookmark-management-lesson/pkg/utils/code.go:22.37,26.2 1 0
github.com/viettrung2103/bookmark-management-lesson/pkg/utils/code.go:28.64,31.2 1 0
github.com/viettrung2103/bookmark-management-lesson/pkg/utils/code.go:33.46,38.2 2 0
github.com/viettrung2103/bookmark-management-lesson/pkg/utils/code.go:40.54,43.30 2 0
github.com/viettrung2103/bookmark-management-lesson/pkg/utils/code.go:43.30,46.3 1 0
github.com/viettrung2103/bookmark-management-lesson/pkg/utils/code.go:48.2,48.28 1 0
github.com/viettrung2103/bookmark-management-lesson/pkg/utils/hash.go:5.36,9.2 2 0
github.com/viettrung2103/bookmark-management-lesson/pkg/utils/hash.go:11.61,14.2 2 0
github.com/viettrung2103/bookmark-management-lesson/internal/api/api.go:40.35,50.2 3 0
github.com/viettrung2103/bookmark-management-lesson/internal/api/api.go:60.87,71.2 3 0
github.com/viettrung2103/bookmark-management-lesson/internal/api/api.go:74.32,76.2 1 0
github.com/viettrung2103/bookmark-management-lesson/internal/api/api.go:79.70,81.2 1 0
github.com/viettrung2103/bookmark-management-lesson/internal/api/api.go:89.43,108.2 9 0
github.com/viettrung2103/bookmark-management-lesson/internal/api/api.go:111.31,142.2 6 0
github.com/viettrung2103/bookmark-management-lesson/internal/api/api.go:142.2,148.3 3 0
github.com/viettrung2103/bookmark-management-lesson/internal/app/handler/healthcheck.go:19.69,23.2 1 0
github.com/viettrung2103/bookmark-management-lesson/internal/app/handler/healthcheck.go:31.58,33.16 2 0
github.com/viettrung2103/bookmark-management-lesson/internal/app/handler/healthcheck.go:33.16,42.3 3 0
github.com/viettrung2103/bookmark-management-lesson/internal/app/handler/healthcheck.go:43.2,47.5 1 0
github.com/viettrung2103/bookmark-management-lesson/internal/app/handler/shortenurl.go:21.72,25.2 1 0
github.com/viettrung2103/bookmark-management-lesson/internal/app/handler/shortenurl.go:44.56,46.50 2 0
github.com/viettrung2103/bookmark-management-lesson/internal/app/handler/shortenurl.go:46.50,49.3 2 0
github.com/viettrung2103/bookmark-management-lesson/internal/app/handler/shortenurl.go:51.2,52.16 2 0
github.com/viettrung2103/bookmark-management-lesson/internal/app/handler/shortenurl.go:52.16,55.3 2 0
github.com/viettrung2103/bookmark-management-lesson/internal/app/handler/shortenurl.go:56.2,56.66 1 0
github.com/viettrung2103/bookmark-management-lesson/internal/app/handler/shortenurl.go:66.54,68.16 2 0
github.com/viettrung2103/bookmark-management-lesson/internal/app/handler/shortenurl.go:68.16,70.3 1 0
github.com/viettrung2103/bookmark-management-lesson/internal/app/handler/shortenurl.go:73.2,74.16 2 0
github.com/viettrung2103/bookmark-management-lesson/internal/app/handler/shortenurl.go:74.16,75.42 1 0
github.com/viettrung2103/bookmark-management-lesson/internal/app/handler/shortenurl.go:75.42,78.4 2 0
github.com/viettrung2103/bookmark-management-lesson/internal/app/handler/shortenurl.go:79.3,81.9 3 0
github.com/viettrung2103/bookmark-management-lesson/internal/app/handler/shortenurl.go:85.2,85.35 1 0
github.com/viettrung2103/bookmark-management-lesson/internal/app/handler/user/handler.go:16.47,18.2 1 0
github.com/viettrung2103/bookmark-management-lesson/internal/app/handler/user/register.go:26.48,28.48 2 0
github.com/viettrung2103/bookmark-management-lesson/internal/app/handler/user/register.go:28.48,32.3 2 0
github.com/viettrung2103/bookmark-management-lesson/internal/app/handler/user/register.go:34.2,35.16 2 0
github.com/viettrung2103/bookmark-management-lesson/internal/app/handler/user/register.go:35.16,37.80 1 0
github.com/viettrung2103/bookmark-management-lesson/internal/app/handler/user/register.go:37.80,40.4 2 0
github.com/viettrung2103/bookmark-management-lesson/internal/app/handler/user/register.go:41.3,41.77 1 0
github.com/viettrung2103/bookmark-management-lesson/internal/app/handler/user/register.go:41.77,44.4 2 0
github.com/viettrung2103/bookmark-management-lesson/internal/app/handler/user/register.go:45.3,46.9 2 0
github.com/viettrung2103/bookmark-management-lesson/internal/app/handler/user/register.go:48.2,51.4 1 0
github.com/viettrung2103/bookmark-management-lesson/internal/app/model/user.go:16.54,17.16 1 0
github.com/viettrung2103/bookmark-management-lesson/internal/app/model/user.go:17.16,19.3 1 0
github.com/viettrung2103/bookmark-management-lesson/internal/app/model/user.go:20.2,20.8 1 0
github.com/viettrung2103/bookmark-management-lesson/internal/app/repository/healthcheck_repo.go:20.50,24.2 1 0
github.com/viettrung2103/bookmark-management-lesson/internal/app/repository/healthcheck_repo.go:27.66,30.2 1 0
github.com/viettrung2103/bookmark-management-lesson/internal/app/repository/urlstorage.go:27.48,29.2 1 0
github.com/viettrung2103/bookmark-management-lesson/internal/app/repository/urlstorage.go:32.95,34.16 2 0
github.com/viettrung2103/bookmark-management-lesson/internal/app/repository/urlstorage.go:34.16,36.3 1 0
github.com/viettrung2103/bookmark-management-lesson/internal/app/repository/urlstorage.go:37.2,37.12 1 0
github.com/viettrung2103/bookmark-management-lesson/internal/app/repository/urlstorage.go:41.79,48.2 1 0
github.com/viettrung2103/bookmark-management-lesson/internal/app/repository/user/create.go:9.76,11.2 1 0
github.com/viettrung2103/bookmark-management-lesson/internal/app/repository/user/repo.go:20.44,22.2 1 0
github.com/viettrung2103/bookmark-management-lesson/internal/app/service/healthcheck_service.go:21.62,23.2 1 0
github.com/viettrung2103/bookmark-management-lesson/internal/app/service/healthcheck_service.go:26.69,28.2 1 0
github.com/viettrung2103/bookmark-management-lesson/internal/app/service/pass_service.go:24.27,26.2 1 1
github.com/viettrung2103/bookmark-management-lesson/internal/app/service/pass_service.go:29.52,33.2 1 1
github.com/viettrung2103/bookmark-management-lesson/internal/app/service/urlStorage_service.go:28.86,33.2 1 5
github.com/viettrung2103/bookmark-management-lesson/internal/app/service/urlStorage_service.go:40.100,46.46 3 3
github.com/viettrung2103/bookmark-management-lesson/internal/app/service/urlStorage_service.go:46.46,48.3 1 0
github.com/viettrung2103/bookmark-management-lesson/internal/app/service/urlStorage_service.go:50.2,50.15 1 3
github.com/viettrung2103/bookmark-management-lesson/internal/app/service/urlStorage_service.go:50.15,52.3 1 1
github.com/viettrung2103/bookmark-management-lesson/internal/app/service/urlStorage_service.go:55.2,56.16 2 2
github.com/viettrung2103/bookmark-management-lesson/internal/app/service/urlStorage_service.go:56.16,58.3 1 0
github.com/viettrung2103/bookmark-management-lesson/internal/app/service/urlStorage_service.go:59.2,59.17 1 2
github.com/viettrung2103/bookmark-management-lesson/internal/app/service/urlStorage_service.go:64.98,66.31 2 3
github.com/viettrung2103/bookmark-management-lesson/internal/app/service/urlStorage_service.go:66.31,68.3 1 0
github.com/viettrung2103/bookmark-management-lesson/internal/app/service/urlStorage_service.go:70.2,70.17 1 3
github.com/viettrung2103/bookmark-management-lesson/internal/app/service/urlStorage_service.go:77.89,80.16 2 0
github.com/viettrung2103/bookmark-management-lesson/internal/app/service/urlStorage_service.go:80.16,81.32 1 0
github.com/viettrung2103/bookmark-management-lesson/internal/app/service/urlStorage_service.go:81.32,83.4 1 0
github.com/viettrung2103/bookmark-management-lesson/internal/app/service/urlStorage_service.go:86.2,86.17 1 0
github.com/viettrung2103/bookmark-management-lesson/internal/app/service/user/create.go:10.123,21.16 4 0
github.com/viettrung2103/bookmark-management-lesson/internal/app/service/user/create.go:21.16,23.3 1 0
github.com/viettrung2103/bookmark-management-lesson/internal/app/service/user/create.go:24.2,24.18 1 0
github.com/viettrung2103/bookmark-management-lesson/internal/app/service/user/service.go:18.47,20.2 1 0
github.com/viettrung2103/bookmark-management-lesson/pkg/common/error.go:3.29,4.16 1 0
github.com/viettrung2103/bookmark-management-lesson/pkg/common/error.go:4.16,5.13 1 0
github.com/viettrung2103/bookmark-management-lesson/pkg/jwtutils/generator.go:20.67,22.16 2 0
github.com/viettrung2103/bookmark-management-lesson/pkg/jwtutils/generator.go:22.16,24.3 1 0
github.com/viettrung2103/bookmark-management-lesson/pkg/jwtutils/generator.go:25.2,26.16 2 0
github.com/viettrung2103/bookmark-management-lesson/pkg/jwtutils/generator.go:26.16,28.3 1 0
github.com/viettrung2103/bookmark-management-lesson/pkg/jwtutils/generator.go:30.2,32.8 1 0
github.com/viettrung2103/bookmark-management-lesson/pkg/jwtutils/generator.go:35.75,39.16 3 0
github.com/viettrung2103/bookmark-management-lesson/pkg/jwtutils/generator.go:39.16,41.3 1 0
github.com/viettrung2103/bookmark-management-lesson/pkg/jwtutils/generator.go:42.2,42.25 1 0
github.com/viettrung2103/bookmark-management-lesson/pkg/jwtutils/validator.go:24.66,26.16 2 0
github.com/viettrung2103/bookmark-management-lesson/pkg/jwtutils/validator.go:26.16,28.3 1 0
github.com/viettrung2103/bookmark-management-lesson/pkg/jwtutils/validator.go:30.2,31.16 2 0
github.com/viettrung2103/bookmark-management-lesson/pkg/jwtutils/validator.go:31.16,33.3 1 0
github.com/viettrung2103/bookmark-management-lesson/pkg/jwtutils/validator.go:35.2,37.8 1 0
github.com/viettrung2103/bookmark-management-lesson/pkg/jwtutils/validator.go:41.73,42.72 1 0
github.com/viettrung2103/bookmark-management-lesson/pkg/jwtutils/validator.go:42.72,44.3 1 0
github.com/viettrung2103/bookmark-management-lesson/pkg/jwtutils/validator.go:46.2,46.32 1 0
github.com/viettrung2103/bookmark-management-lesson/pkg/jwtutils/validator.go:46.32,48.3 1 0
github.com/viettrung2103/bookmark-management-lesson/pkg/jwtutils/validator.go:50.2,50.52 1 0
github.com/viettrung2103/bookmark-management-lesson/pkg/jwtutils/validator.go:50.52,52.3 1 0
github.com/viettrung2103/bookmark-management-lesson/pkg/jwtutils/validator.go:54.2,54.29 1 0
github.com/viettrung2103/bookmark-management-lesson/pkg/logger/level.go:9.20,11.44 2 0
github.com/viettrung2103/bookmark-management-lesson/pkg/logger/level.go:11.44,13.3 1 0
github.com/viettrung2103/bookmark-management-lesson/pkg/logger/level.go:14.2,14.31 1 0
github.com/viettrung2103/bookmark-management-lesson/pkg/redis/client.go:5.57,7.16 2 0
github.com/viettrung2103/bookmark-management-lesson/pkg/redis/client.go:7.16,9.3 1 0
github.com/viettrung2103/bookmark-management-lesson/pkg/redis/client.go:11.2,17.25 2 0
github.com/viettrung2103/bookmark-management-lesson/pkg/redis/mock.go:11.48,16.2 2 0
github.com/viettrung2103/bookmark-management-lesson/pkg/sqldb/client.go:8.52,10.16 2 0
github.com/viettrung2103/bookmark-management-lesson/pkg/sqldb/client.go:10.16,12.3 1 0
github.com/viettrung2103/bookmark-management-lesson/pkg/sqldb/client.go:14.2,16.16 3 0
github.com/viettrung2103/bookmark-management-lesson/pkg/sqldb/client.go:16.16,18.3 1 0
github.com/viettrung2103/bookmark-management-lesson/pkg/sqldb/client.go:19.2,19.16 1 0
github.com/viettrung2103/bookmark-management-lesson/pkg/sqldb/mock.go:13.42,18.16 3 0
github.com/viettrung2103/bookmark-management-lesson/pkg/sqldb/mock.go:18.16,20.3 1 0
github.com/viettrung2103/bookmark-management-lesson/pkg/sqldb/mock.go:21.2,21.11 1 0
github.com/viettrung2103/bookmark-management-lesson/pkg/utils/code.go:22.37,26.2 1 0
github.com/viettrung2103/bookmark-management-lesson/pkg/utils/code.go:28.64,31.2 1 0
github.com/viettrung2103/bookmark-management-lesson/pkg/utils/code.go:33.46,38.2 2 1
github.com/viettrung2103/bookmark-management-lesson/pkg/utils/code.go:40.54,43.30 2 1
github.com/viettrung2103/bookmark-management-lesson/pkg/utils/code.go:43.30,46.3 1 10
github.com/viettrung2103/bookmark-management-lesson/pkg/utils/code.go:48.2,48.28 1 1
github.com/viettrung2103/bookmark-management-lesson/pkg/utils/hash.go:5.36,9.2 2 0
github.com/viettrung2103/bookmark-management-lesson/pkg/utils/hash.go:11.61,14.2 2 0
github.com/viettrung2103/bookmark-management-lesson/internal/app/service/user/create.go:10.123,21.16 4 0
github.com/viettrung2103/bookmark-management-lesson/internal/app/service/user/create.go:21.16,23.3 1 0
github.com/viettrung2103/bookmark-management-lesson/internal/app/service/user/create.go:24.2,24.18 1 0
github.com/viettrung2103/bookmark-management-lesson/internal/app/service/user/service.go:18.47,20.2 1 0
github.com/viettrung2103/bookmark-management-lesson/internal/api/api.go:40.35,50.2 3 2
github.com/viettrung2103/bookmark-management-lesson/internal/api/api.go:60.87,71.2 3 0
github.com/viettrung2103/bookmark-management-lesson/internal/api/api.go:74.32,76.2 1 0
github.com/viettrung2103/bookmark-management-lesson/internal/api/api.go:79.70,81.2 1 2
github.com/viettrung2103/bookmark-management-lesson/internal/api/api.go:89.43,108.2 9 2
github.com/viettrung2103/bookmark-management-lesson/internal/api/api.go:111.31,142.2 6 2
github.com/viettrung2103/bookmark-management-lesson/internal/api/api.go:142.2,148.3 3 2
github.com/viettrung2103/bookmark-management-lesson/internal/app/handler/healthcheck.go:19.69,23.2 1 2
github.com/viettrung2103/bookmark-management-lesson/internal/app/handler/healthcheck.go:31.58,33.16 2 0
github.com/viettrung2103/bookmark-management-lesson/internal/app/handler/healthcheck.go:33.16,42.3 3 0
github.com/viettrung2103/bookmark-management-lesson/internal/app/handler/healthcheck.go:43.2,47.5 1 0
github.com/viettrung2103/bookmark-management-lesson/internal/app/handler/shortenurl.go:21.72,25.2 1 2
github.com/viettrung2103/bookmark-management-lesson/internal/app/handler/shortenurl.go:44.56,46.50 2 0
github.com/viettrung2103/bookmark-management-lesson/internal/app/handler/shortenurl.go:46.50,49.3 2 0
github.com/viettrung2103/bookmark-management-lesson/internal/app/handler/shortenurl.go:51.2,52.16 2 0
github.com/viettrung2103/bookmark-management-lesson/internal/app/handler/shortenurl.go:52.16,55.3 2 0
github.com/viettrung2103/bookmark-management-lesson/internal/app/handler/shortenurl.go:56.2,56.66 1 0
github.com/viettrung2103/bookmark-management-lesson/internal/app/handler/shortenurl.go:66.54,68.16 2 0
github.com/viettrung2103/bookmark-management-lesson/internal/app/handler/shortenurl.go:68.16,70.3 1 0
github.com/viettrung2103/bookmark-management-lesson/internal/app/handler/shortenurl.go:73.2,74.16 2 0
github.com/viettrung2103/bookmark-management-lesson/internal/app/handler/shortenurl.go:74.16,75.42 1 0
github.com/viettrung2103/bookmark-management-lesson/internal/app/handler/shortenurl.go:75.42,78.4 2 0
github.com/viettrung2103/bookmark-management-lesson/internal/app/handler/shortenurl.go:79.3,81.9 3 0
github.com/viettrung2103/bookmark-management-lesson/internal/app/handler/shortenurl.go:85.2,85.35 1 0
github.com/viettrung2103/bookmark-management-lesson/internal/app/handler/user/handler.go:16.47,18.2 1 2
github.com/viettrung2103/bookmark-management-lesson/internal/app/handler/user/register.go:26.48,28.48 2 2
github.com/viettrung2103/bookmark-management-lesson/internal/app/handler/user/register.go:28.48,32.3 2 0
github.com/viettrung2103/bookmark-management-lesson/internal/app/handler/user/register.go:34.2,35.16 2 2
github.com/viettrung2103/bookmark-management-lesson/internal/app/handler/user/register.go:35.16,37.80 1 1
github.com/viettrung2103/bookmark-management-lesson/internal/app/handler/user/register.go:37.80,40.4 2 0
github.com/viettrung2103/bookmark-management-lesson/internal/app/handler/user/register.go:41.3,41.77 1 1
github.com/viettrung2103/bookmark-management-lesson/internal/app/handler/user/register.go:41.77,44.4 2 1
github.com/viettrung2103/bookmark-management-lesson/internal/app/handler/user/register.go:45.3,46.9 2 0
github.com/viettrung2103/bookmark-management-lesson/internal/app/handler/user/register.go:48.2,51.4 1 1
github.com/viettrung2103/bookmark-management-lesson/internal/app/model/user.go:16.54,17.16 1 2
github.com/viettrung2103/bookmark-management-lesson/internal/app/model/user.go:17.16,19.3 1 2
github.com/viettrung2103/bookmark-management-lesson/internal/app/model/user.go:20.2,20.8 1 2
github.com/viettrung2103/bookmark-management-lesson/internal/app/repository/healthcheck_repo.go:20.50,24.2 1 2
github.com/viettrung2103/bookmark-management-lesson/internal/app/repository/healthcheck_repo.go:27.66,30.2 1 0
github.com/viettrung2103/bookmark-management-lesson/internal/app/repository/urlstorage.go:27.48,29.2 1 2
github.com/viettrung2103/bookmark-management-lesson/internal/app/repository/urlstorage.go:32.95,34.16 2 0
github.com/viettrung2103/bookmark-management-lesson/internal/app/repository/urlstorage.go:34.16,36.3 1 0
github.com/viettrung2103/bookmark-management-lesson/internal/app/repository/urlstorage.go:37.2,37.12 1 0
github.com/viettrung2103/bookmark-management-lesson/internal/app/repository/urlstorage.go:41.79,48.2 1 0
github.com/viettrung2103/bookmark-management-lesson/internal/app/repository/user/create.go:9.76,11.2 1 2
github.com/viettrung2103/bookmark-management-lesson/internal/app/repository/user/repo.go:20.44,22.2 1 2
github.com/viettrung2103/bookmark-management-lesson/internal/app/service/healthcheck_service.go:21.62,23.2 1 2
github.com/viettrung2103/bookmark-management-lesson/internal/app/service/healthcheck_service.go:26.69,28.2 1 0
github.com/viettrung2103/bookmark-management-lesson/internal/app/service/pass_service.go:24.27,26.2 1 0
github.com/viettrung2103/bookmark-management-lesson/internal/app/service/pass_service.go:29.52,33.2 1 0
github.com/viettrung2103/bookmark-management-lesson/internal/app/service/urlStorage_service.go:28.86,33.2 1 2
github.com/viettrung2103/bookmark-management-lesson/internal/app/service/urlStorage_service.go:40.100,46.46 3 0
github.com/viettrung2103/bookmark-management-lesson/internal/app/service/urlStorage_service.go:46.46,48.3 1 0
github.com/viettrung2103/bookmark-management-lesson/internal/app/service/urlStorage_service.go:50.2,50.15 1 0
github.com/viettrung2103/bookmark-management-lesson/internal/app/service/urlStorage_service.go:50.15,52.3 1 0
github.com/viettrung2103/bookmark-management-lesson/internal/app/service/urlStorage_service.go:55.2,56.16 2 0
github.com/viettrung2103/bookmark-management-lesson/internal/app/service/urlStorage_service.go:56.16,58.3 1 0
github.com/viettrung2103/bookmark-management-lesson/internal/app/service/urlStorage_service.go:59.2,59.17 1 0
github.com/viettrung2103/bookmark-management-lesson/internal/app/service/urlStorage_service.go:64.98,66.31 2 0
github.com/viettrung2103/bookmark-management-lesson/internal/app/service/urlStorage_service.go:66.31,68.3 1 0
github.com/viettrung2103/bookmark-management-lesson/internal/app/service/urlStorage_service.go:70.2,70.17 1 0
github.com/viettrung2103/bookmark-management-lesson/internal/app/service/urlStorage_service.go:77.89,80.16 2 0
github.com/viettrung2103/bookmark-management-lesson/internal/app/service/urlStorage_service.go:80.16,81.32 1 0
github.com/viettrung2103/bookmark-management-lesson/internal/app/service/urlStorage_service.go:81.32,83.4 1 0
github.com/viettrung2103/bookmark-management-lesson/internal/app/service/urlStorage_service.go:86.2,86.17 1 0
github.com/viettrung2103/bookmark-management-lesson/internal/app/service/user/create.go:10.123,21.16 4 2
github.com/viettrung2103/bookmark-management-lesson/internal/app/service/user/create.go:21.16,23.3 1 1
github.com/viettrung2103/bookmark-management-lesson/internal/app/service/user/create.go:24.2,24.18 1 1
github.com/viettrung2103/bookmark-management-lesson/internal/app/service/user/service.go:18.47,20.2 1 2
github.com/viettrung2103/bookmark-management-lesson/pkg/common/error.go:3.29,4.16 1 0
github.com/viettrung2103/bookmark-management-lesson/pkg/common/error.go:4.16,5.13 1 0
github.com/viettrung2103/bookmark-management-lesson/pkg/jwtutils/generator.go:20.67,22.16 2 0
github.com/viettrung2103/bookmark-management-lesson/pkg/jwtutils/generator.go:22.16,24.3 1 0
github.com/viettrung2103/bookmark-management-lesson/pkg/jwtutils/generator.go:25.2,26.16 2 0
github.com/viettrung2103/bookmark-management-lesson/pkg/jwtutils/generator.go:26.16,28.3 1 0
github.com/viettrung2103/bookmark-management-lesson/pkg/jwtutils/generator.go:30.2,32.8 1 0
github.com/viettrung2103/bookmark-management-lesson/pkg/jwtutils/generator.go:35.75,39.16 3 0
github.com/viettrung2103/bookmark-management-lesson/pkg/jwtutils/generator.go:39.16,41.3 1 0
github.com/viettrung2103/bookmark-management-lesson/pkg/jwtutils/generator.go:42.2,42.25 1 0
github.com/viettrung2103/bookmark-management-lesson/pkg/jwtutils/validator.go:24.66,26.16 2 0
github.com/viettrung2103/bookmark-management-lesson/pkg/jwtutils/validator.go:26.16,28.3 1 0
github.com/viettrung2103/bookmark-management-lesson/pkg/jwtutils/validator.go:30.2,31.16 2 0
github.com/viettrung2103/bookmark-management-lesson/pkg/jwtutils/validator.go:31.16,33.3 1 0
github.com/viettrung2103/bookmark-management-lesson/pkg/jwtutils/validator.go:35.2,37.8 1 0
github.com/viettrung2103/bookmark-management-lesson/pkg/jwtutils/validator.go:41.73,42.72 1 0
github.com/viettrung2103/bookmark-management-lesson/pkg/jwtutils/validator.go:42.72,44.3 1 0
github.com/viettrung2103/bookmark-management-lesson/pkg/jwtutils/validator.go:46.2,46.32 1 0
github.com/viettrung2103/bookmark-management-lesson/pkg/jwtutils/validator.go:46.32,48.3 1 0
github.com/viettrung2103/bookmark-management-lesson/pkg/jwtutils/validator.go:50.2,50.52 1 0
github.com/viettrung2103/bookmark-management-lesson/pkg/jwtutils/validator.go:50.52,52.3 1 0
github.com/viettrung2103/bookmark-management-lesson/pkg/jwtutils/validator.go:54.2,54.29 1 0
github.com/viettrung2103/bookmark-management-lesson/pkg/logger/level.go:9.20,11.44 2 0
github.com/viettrung2103/bookmark-management-lesson/pkg/logger/level.go:11.44,13.3 1 0
github.com/viettrung2103/bookmark-management-lesson/pkg/logger/level.go:14.2,14.31 1 0
github.com/viettrung2103/bookmark-management-lesson/pkg/redis/client.go:5.57,7.16 2 0
github.com/viettrung2103/bookmark-management-lesson/pkg/redis/client.go:7.16,9.3 1 0
github.com/viettrung2103/bookmark-management-lesson/pkg/redis/client.go:11.2,17.25 2 0
github.com/viettrung2103/bookmark-management-lesson/pkg/redis/mock.go:11.48,16.2 2 0
github.com/viettrung2103/bookmark-management-lesson/pkg/sqldb/client.go:8.52,10.16 2 0
github.com/viettrung2103/bookmark-management-lesson/pkg/sqldb/client.go:10.16,12.3 1 0
github.com/viettrung2103/bookmark-management-lesson/pkg/sqldb/client.go:14.2,16.16 3 0
github.com/viettrung2103/bookmark-management-lesson/pkg/sqldb/client.go:16.16,18.3 1 0
github.com/viettrung2103/bookmark-management-lesson/pkg/sqldb/client.go:19.2,19.16 1 0
github.com/viettrung2103/bookmark-management-lesson/pkg/sqldb/mock.go:13.42,18.16 3 2
github.com/viettrung2103/bookmark-management-lesson/pkg/sqldb/mock.go:18.16,20.3 1 0
github.com/viettrung2103/bookmark-management-lesson/pkg/sqldb/mock.go:21.2,21.11 1 2
github.com/viettrung2103/bookmark-management-lesson/pkg/utils/code.go:22.37,26.2 1 2
github.com/viettrung2103/bookmark-management-lesson/pkg/utils/code.go:28.64,31.2 1 0
github.com/viettrung2103/bookmark-management-lesson/pkg/utils/code.go:33.46,38.2 2 0
github.com/viettrung2103/bookmark-management-lesson/pkg/utils/code.go:40.54,43.30 2 0
github.com/viettrung2103/bookmark-management-lesson/pkg/utils/code.go:43.30,46.3 1 0
github.com/viettrung2103/bookmark-management-lesson/pkg/utils/code.go:48.2,48.28 1 0
github.com/viettrung2103/bookmark-management-lesson/pkg/utils/hash.go:5.36,9.2 2 2
github.com/viettrung2103/bookmark-management-lesson/pkg/utils/hash.go:11.61,14.2 2 0
github.com/viettrung2103/bookmark-management-lesson/pkg/common/error.go:3.29,4.16 1 0
github.com/viettrung2103/bookmark-management-lesson/pkg/common/error.go:4.16,5.13 1 0
github.com/viettrung2103/bookmark-management-lesson/internal/api/api.go:40.35,50.2 3 0
github.com/viettrung2103/bookmark-management-lesson/internal/api/api.go:60.87,71.2 3 0
github.com/viettrung2103/bookmark-management-lesson/internal/api/api.go:74.32,76.2 1 0
github.com/viettrung2103/bookmark-management-lesson/internal/api/api.go:79.70,81.2 1 0
github.com/viettrung2103/bookmark-management-lesson/internal/api/api.go:89.43,108.2 9 0
github.com/viettrung2103/bookmark-management-lesson/internal/api/api.go:111.31,142.2 6 0
github.com/viettrung2103/bookmark-management-lesson/internal/api/api.go:142.2,148.3 3 0
github.com/viettrung2103/bookmark-management-lesson/internal/app/handler/healthcheck.go:19.69,23.2 1 0
github.com/viettrung2103/bookmark-management-lesson/internal/app/handler/healthcheck.go:31.58,33.16 2 0
github.com/viettrung2103/bookmark-management-lesson/internal/app/handler/healthcheck.go:33.16,42.3 3 0
github.com/viettrung2103/bookmark-management-lesson/internal/app/handler/healthcheck.go:43.2,47.5 1 0
github.com/viettrung2103/bookmark-management-lesson/internal/app/handler/shortenurl.go:21.72,25.2 1 0
github.com/viettrung2103/bookmark-management-lesson/internal/app/handler/shortenurl.go:44.56,46.50 2 0
github.com/viettrung2103/bookmark-management-lesson/internal/app/handler/shortenurl.go:46.50,49.3 2 0
github.com/viettrung2103/bookmark-management-lesson/internal/app/handler/shortenurl.go:51.2,52.16 2 0
github.com/viettrung2103/bookmark-management-lesson/internal/app/handler/shortenurl.go:52.16,55.3 2 0
github.com/viettrung2103/bookmark-management-lesson/internal/app/handler/shortenurl.go:56.2,56.66 1 0
github.com/viettrung2103/bookmark-management-lesson/internal/app/handler/shortenurl.go:66.54,68.16 2 0
github.com/viettrung2103/bookmark-management-lesson/internal/app/handler/shortenurl.go:68.16,70.3 1 0
github.com/viettrung2103/bookmark-management-lesson/internal/app/handler/shortenurl.go:73.2,74.16 2 0
github.com/viettrung2103/bookmark-management-lesson/internal/app/handler/shortenurl.go:74.16,75.42 1 0
github.com/viettrung2103/bookmark-management-lesson/internal/app/handler/shortenurl.go:75.42,78.4 2 0
github.com/viettrung2103/bookmark-management-lesson/internal/app/handler/shortenurl.go:79.3,81.9 3 0
github.com/viettrung2103/bookmark-management-lesson/internal/app/handler/shortenurl.go:85.2,85.35 1 0
github.com/viettrung2103/bookmark-management-lesson/internal/app/handler/user/handler.go:16.47,18.2 1 0
github.com/viettrung2103/bookmark-management-lesson/internal/app/handler/user/register.go:26.48,28.48 2 0
github.com/viettrung2103/bookmark-management-lesson/internal/app/handler/user/register.go:28.48,32.3 2 0
github.com/viettrung2103/bookmark-management-lesson/internal/app/handler/user/register.go:34.2,35.16 2 0
github.com/viettrung2103/bookmark-management-lesson/internal/app/handler/user/register.go:35.16,37.80 1 0
github.com/viettrung2103/bookmark-management-lesson/internal/app/handler/user/register.go:37.80,40.4 2 0
github.com/viettrung2103/bookmark-management-lesson/internal/app/handler/user/register.go:41.3,41.77 1 0
github.com/viettrung2103/bookmark-management-lesson/internal/app/handler/user/register.go:41.77,44.4 2 0
github.com/viettrung2103/bookmark-management-lesson/internal/app/handler/user/register.go:45.3,46.9 2 0
github.com/viettrung2103/bookmark-management-lesson/internal/app/handler/user/register.go:48.2,51.4 1 0
github.com/viettrung2103/bookmark-management-lesson/internal/app/model/user.go:16.54,17.16 1 0
github.com/viettrung2103/bookmark-management-lesson/internal/app/model/user.go:17.16,19.3 1 0
github.com/viettrung2103/bookmark-management-lesson/internal/app/model/user.go:20.2,20.8 1 0
github.com/viettrung2103/bookmark-management-lesson/internal/app/repository/healthcheck_repo.go:20.50,24.2 1 0
github.com/viettrung2103/bookmark-management-lesson/internal/app/repository/healthcheck_repo.go:27.66,30.2 1 0
github.com/viettrung2103/bookmark-management-lesson/internal/app/repository/urlstorage.go:27.48,29.2 1 0
github.com/viettrung2103/bookmark-management-lesson/internal/app/repository/urlstorage.go:32.95,34.16 2 0
github.com/viettrung2103/bookmark-management-lesson/internal/app/repository/urlstorage.go:34.16,36.3 1 0
github.com/viettrung2103/bookmark-management-lesson/internal/app/repository/urlstorage.go:37.2,37.12 1 0
github.com/viettrung2103/bookmark-management-lesson/internal/app/repository/urlstorage.go:41.79,48.2 1 0
github.com/viettrung2103/bookmark-management-lesson/internal/app/repository/user/create.go:9.76,11.2 1 0
github.com/viettrung2103/bookmark-management-lesson/internal/app/repository/user/repo.go:20.44,22.2 1 0
github.com/viettrung2103/bookmark-management-lesson/internal/app/service/healthcheck_service.go:21.62,23.2 1 0
github.com/viettrung2103/bookmark-management-lesson/internal/app/service/healthcheck_service.go:26.69,28.2 1 0
github.com/viettrung2103/bookmark-management-lesson/internal/app/service/pass_service.go:24.27,26.2 1 0
github.com/viettrung2103/bookmark-management-lesson/internal/app/service/pass_service.go:29.52,33.2 1 0
github.com/viettrung2103/bookmark-management-lesson/internal/app/service/urlStorage_service.go:28.86,33.2 1 0
github.com/viettrung2103/bookmark-management-lesson/internal/app/service/urlStorage_service.go:40.100,46.46 3 0
github.com/viettrung2103/bookmark-management-lesson/internal/app/service/urlStorage_service.go:46.46,48.3 1 0
github.com/viettrung2103/bookmark-management-lesson/internal/app/service/urlStorage_service.go:50.2,50.15 1 0
github.com/viettrung2103/bookmark-management-lesson/internal/app/service/urlStorage_service.go:50.15,52.3 1 0
github.com/viettrung2103/bookmark-management-lesson/internal/app/service/urlStorage_service.go:55.2,56.16 2 0
github.com/viettrung2103/bookmark-management-lesson/internal/app/service/urlStorage_service.go:56.16,58.3 1 0
github.com/viettrung2103/bookmark-management-lesson/internal/app/service/urlStorage_service.go:59.2,59.17 1 0
github.com/viettrung2103/bookmark-management-lesson/internal/app/service/urlStorage_service.go:64.98,66.31 2 0
github.com/viettrung2103/bookmark-management-lesson/internal/app/service/urlStorage_service.go:66.31,68.3 1 0
github.com/viettrung2103/bookmark-management-lesson/internal/app/service/urlStorage_service.go:70.2,70.17 1 0
github.com/viettrung2103/bookmark-management-lesson/internal/app/service/urlStorage_service.go:77.89,80.16 2 0
github.com/viettrung2103/bookmark-management-lesson/internal/app/service/urlStorage_service.go:80.16,81.32 1 0
github.com/viettrung2103/bookmark-management-lesson/internal/app/service/urlStorage_service.go:81.32,83.4 1 0
github.com/viettrung2103/bookmark-management-lesson/internal/app/service/urlStorage_service.go:86.2,86.17 1 0
github.com/viettrung2103/bookmark-management-lesson/internal/app/service/user/create.go:10.123,21.16 4 0
github.com/viettrung2103/bookmark-management-lesson/internal/app/service/user/create.go:21.16,23.3 1 0
github.com/viettrung2103/bookmark-management-lesson/internal/app/service/user/create.go:24.2,24.18 1 0
github.com/viettrung2103/bookmark-management-lesson/internal/app/service/user/service.go:18.47,20.2 1 0
github.com/viettrung2103/bookmark-management-lesson/pkg/common/error.go:3.29,4.16 1 0
github.com/viettrung2103/bookmark-management-lesson/pkg/common/error.go:4.16,5.13 1 0
github.com/viettrung2103/bookmark-management-lesson/pkg/jwtutils/generator.go:20.67,22.16 2 7
github.com/viettrung2103/bookmark-management-lesson/pkg/jwtutils/generator.go:22.16,24.3 1 2
github.com/viettrung2103/bookmark-management-lesson/pkg/jwtutils/generator.go:25.2,26.16 2 5
github.com/viettrung2103/bookmark-management-lesson/pkg/jwtutils/generator.go:26.16,28.3 1 2
github.com/viettrung2103/bookmark-management-lesson/pkg/jwtutils/generator.go:30.2,32.8 1 3
github.com/viettrung2103/bookmark-management-lesson/pkg/jwtutils/generator.go:35.75,39.16 3 1
github.com/viettrung2103/bookmark-management-lesson/pkg/jwtutils/generator.go:39.16,41.3 1 0
github.com/viettrung2103/bookmark-management-lesson/pkg/jwtutils/generator.go:42.2,42.25 1 1
github.com/viettrung2103/bookmark-management-lesson/pkg/jwtutils/validator.go:24.66,26.16 2 1
github.com/viettrung2103/bookmark-management-lesson/pkg/jwtutils/validator.go:26.16,28.3 1 0
github.com/viettrung2103/bookmark-management-lesson/pkg/jwtutils/validator.go:30.2,31.16 2 1
github.com/viettrung2103/bookmark-management-lesson/pkg/jwtutils/validator.go:31.16,33.3 1 0
github.com/viettrung2103/bookmark-management-lesson/pkg/jwtutils/validator.go:35.2,37.8 1 1
github.com/viettrung2103/bookmark-management-lesson/pkg/jwtutils/validator.go:41.73,42.72 1 1
github.com/viettrung2103/bookmark-management-lesson/pkg/jwtutils/validator.go:42.72,44.3 1 1
github.com/viettrung2103/bookmark-management-lesson/pkg/jwtutils/validator.go:46.2,46.32 1 1
github.com/viettrung2103/bookmark-management-lesson/pkg/jwtutils/validator.go:46.32,48.3 1 0
github.com/viettrung2103/bookmark-management-lesson/pkg/jwtutils/validator.go:50.2,50.52 1 1
github.com/viettrung2103/bookmark-management-lesson/pkg/jwtutils/validator.go:50.52,52.3 1 1
github.com/viettrung2103/bookmark-management-lesson/pkg/jwtutils/validator.go:54.2,54.29 1 0
github.com/viettrung2103/bookmark-management-lesson/pkg/logger/level.go:9.20,11.44 2 0
github.com/viettrung2103/bookmark-management-lesson/pkg/logger/level.go:11.44,13.3 1 0
github.com/viettrung2103/bookmark-management-lesson/pkg/logger/level.go:14.2,14.31 1 0
github.com/viettrung2103/bookmark-management-lesson/pkg/redis/client.go:5.57,7.16 2 0
github.com/viettrung2103/bookmark-management-lesson/pkg/redis/client.go:7.16,9.3 1 0
github.com/viettrung2103/bookmark-management-lesson/pkg/redis/client.go:11.2,17.25 2 0
github.com/viettrung2103/bookmark-management-lesson/pkg/redis/mock.go:11.48,16.2 2 0
github.com/viettrung2103/bookmark-management-lesson/pkg/sqldb/client.go:8.52,10.16 2 0
github.com/viettrung2103/bookmark-management-lesson/pkg/sqldb/client.go:10.16,12.3 1 0
github.com/viettrung2103/bookmark-management-lesson/pkg/sqldb/client.go:14.2,16.16 3 0
github.com/viettrung2103/bookmark-management-lesson/pkg/sqldb/client.go:16.16,18.3 1 0
github.com/viettrung2103/bookmark-management-lesson/pkg/sqldb/client.go:19.2,19.16 1 0
github.com/viettrung2103/bookmark-management-lesson/pkg/sqldb/mock.go:13.42,18.16 3 0
github.com/viettrung2103/bookmark-management-lesson/pkg/sqldb/mock.go:18.16,20.3 1 0
github.com/viettrung2103/bookmark-management-lesson/pkg/sqldb/mock.go:21.2,21.11 1 0
github.com/viettrung2103/bookmark-management-lesson/pkg/utils/code.go:22.37,26.2 1 0
github.com/viettrung2103/bookmark-management-lesson/pkg/utils/code.go:28.64,31.2 1 0
github.com/viettrung2103/bookmark-management-lesson/pkg/utils/code.go:33.46,38.2 2 0
github.com/viettrung2103/bookmark-management-lesson/pkg/utils/code.go:40.54,43.30 2 0
github.com/viettrung2103/bookmark-management-lesson/pkg/utils/code.go:43.30,46.3 1 0
github.com/viettrung2103/bookmark-management-lesson/pkg/utils/code.go:48.2,48.28 1 0
github.com/viettrung2103/bookmark-management-lesson/pkg/utils/hash.go:5.36,9.2 2 0
github.com/viettrung2103/bookmark-management-lesson/pkg/utils/hash.go:11.61,14.2 2 0
github.com/viettrung2103/bookmark-management-lesson/pkg/logger/level.go:9.20,11.44 2 0
github.com/viettrung2103/bookmark-management-lesson/pkg/logger/level.go:11.44,13.3 1 0
github.com/viettrung2103/bookmark-management-lesson/pkg/logger/level.go:14.2,14.31 1 0
github.com/viettrung2103/bookmark-management-lesson/pkg/redis/client.go:5.57,7.16 2 0
github.com/viettrung2103/bookmark-management-lesson/pkg/redis/client.go:7.16,9.3 1 0
github.com/viettrung2103/bookmark-management-lesson/pkg/redis/client.go:11.2,17.25 2 0
github.com/viettrung2103/bookmark-management-lesson/pkg/redis/mock.go:11.48,16.2 2 0
github.com/viettrung2103/bookmark-management-lesson/pkg/sqldb/client.go:8.52,10.16 2 0
github.com/viettrung2103/bookmark-management-lesson/pkg/sqldb/client.go:10.16,12.3 1 0
github.com/viettrung2103/bookmark-management-lesson/pkg/sqldb/client.go:14.2,16.16 3 0
github.com/viettrung2103/bookmark-management-lesson/pkg/sqldb/client.go:16.16,18.3 1 0
github.com/viettrung2103/bookmark-management-lesson/pkg/sqldb/client.go:19.2,19.16 1 0
github.com/viettrung2103/bookmark-management-lesson/pkg/sqldb/mock.go:13.42,18.16 3 0
github.com/viettrung2103/bookmark-management-lesson/pkg/sqldb/mock.go:18.16,20.3 1 0
github.com/viettrung2103/bookmark-management-lesson/pkg/sqldb/mock.go:21.2,21.11 1 0
github.com/viettrung2103/bookmark-management-lesson/pkg/utils/code.go:22.37,26.2 1 0
github.com/viettrung2103/bookmark-management-lesson/pkg/utils/code.go:28.64,31.2 1 0
github.com/viettrung2103/bookmark-management-lesson/pkg/utils/code.go:33.46,38.2 2 0
github.com/viettrung2103/bookmark-management-lesson/pkg/utils/code.go:40.54,43.30 2 0
github.com/viettrung2103/bookmark-management-lesson/pkg/utils/code.go:43.30,46.3 1 0
github.com/viettrung2103/bookmark-management-lesson/pkg/utils/code.go:48.2,48.28 1 0
github.com/viettrung2103/bookmark-management-lesson/pkg/utils/hash.go:5.36,9.2 2 0
github.com/viettrung2103/bookmark-management-lesson/pkg/utils/hash.go:11.61,14.2 2 0
